<?xml version="1.0" encoding="UTF-8"?>
<!-- Generated by org.testng.reporters.JUnitXMLReporter -->
<testsuite ignored="0" hostname="DESKTOP-M46CBO6" failures="0" tests="10" name="Surefire test" time="24.227" errors="0" timestamp="2024-05-30T22:06:19 IST">
  <testcase classname="api.test.DataDrivenTests" name="testPostUser" time="5.178"/>
  <testcase classname="api.test.DataDrivenTests" name="testPostUser" time="1.49"/>
  <testcase classname="api.test.DataDrivenTests" name="testPostUser" time="1.398"/>
  <testcase classname="api.test.DataDrivenTests" name="testdeleteUserByName" time="1.381"/>
  <testcase classname="api.test.DataDrivenTests" name="testdeleteUserByName" time="1.396"/>
  <testcase classname="api.test.DataDrivenTests" name="testdeleteUserByName" time="1.443"/>
  <testcase classname="api.test.UserTests" name="testPostUser" time="1.621"/>
  <testcase classname="api.test.UserTests" name="testGetUser" time="1.488"/>
  <testcase classname="api.test.UserTests" name="testUpdateUserByName" time="3.053"/>
  <testcase classname="api.test.UserTests" name="testdelUser" time="1.443"/>
</testsuite> <!-- Surefire test -->
