<?xml version="1.0" encoding="UTF-8"?>
<!-- Generated by org.testng.reporters.JUnitXMLReporter -->
<testsuite ignored="0" hostname="DESKTOP-M46CBO6" failures="0" tests="10" name="Surefire test" time="36.421" errors="0" timestamp="2024-05-30T20:03:00 IST">
  <testcase classname="api.test.DataDrivenTests" name="testPostUser" time="10.045"/>
  <testcase classname="api.test.DataDrivenTests" name="testPostUser" time="1.459"/>
  <testcase classname="api.test.DataDrivenTests" name="testPostUser" time="1.464"/>
  <testcase classname="api.test.DataDrivenTests" name="testdeleteUserByName" time="1.715"/>
  <testcase classname="api.test.DataDrivenTests" name="testdeleteUserByName" time="1.404"/>
  <testcase classname="api.test.DataDrivenTests" name="testdeleteUserByName" time="1.419"/>
  <testcase classname="api.test.UserTests" name="testPostUser" time="1.639"/>
  <testcase classname="api.test.UserTests" name="testGetUser" time="1.368"/>
  <testcase classname="api.test.UserTests" name="testUpdateUserByName" time="2.973"/>
  <testcase classname="api.test.UserTests" name="testdelUser" time="1.389"/>
</testsuite> <!-- Surefire test -->
