<?xml version="1.0" encoding="UTF-8"?>
<!-- Generated by org.testng.reporters.JUnitXMLReporter -->
<testsuite ignored="0" hostname="DESKTOP-M46CBO6" failures="0" tests="6" name="Default test" time="16.47" errors="0" timestamp="2024-05-30T17:11:07 IST">
  <testcase classname="api.test.DataDrivenTests" name="testPostUser" time="5.619"/>
  <testcase classname="api.test.DataDrivenTests" name="testPostUser" time="1.569"/>
  <testcase classname="api.test.DataDrivenTests" name="testPostUser" time="1.57"/>
  <testcase classname="api.test.DataDrivenTests" name="testdeleteUserByName" time="1.597"/>
  <testcase classname="api.test.DataDrivenTests" name="testdeleteUserByName" time="1.516"/>
  <testcase classname="api.test.DataDrivenTests" name="testdeleteUserByName" time="1.547"/>
</testsuite> <!-- Default test -->
