<?xml version="1.0" encoding="UTF-8"?>
<testng-results ignored="0" total="10" passed="10" failed="0" skipped="0">
  <reporter-output>
  </reporter-output>
  <suite started-at="2024-05-30T22:05:54 IST" name="Surefire suite" finished-at="2024-05-30T22:06:18 IST" duration-ms="24227">
    <groups>
    </groups>
    <test started-at="2024-05-30T22:05:54 IST" name="Surefire test" finished-at="2024-05-30T22:06:18 IST" duration-ms="24227">
      <class name="api.test.DataDrivenTests">
        <test-method signature="testPostUser(java.lang.String,java.lang.String,java.lang.String,java.lang.String,java.lang.String,java.lang.String,java.lang.String)[pri:1, instance:api.test.DataDrivenTests@43ee72e6]" started-at="2024-05-30T22:05:58 IST" name="testPostUser" data-provider="Data" finished-at="2024-05-30T22:06:03 IST" duration-ms="5178" status="PASS">
          <params>
            <param index="0">
              <value>
                <![CDATA[1010]]>
              </value>
            </param>
            <param index="1">
              <value>
                <![CDATA[testuser1]]>
              </value>
            </param>
            <param index="2">
              <value>
                <![CDATA[John]]>
              </value>
            </param>
            <param index="3">
              <value>
                <![CDATA[Canedy]]>
              </value>
            </param>
            <param index="4">
              <value>
                <![CDATA[a@gmail.com]]>
              </value>
            </param>
            <param index="5">
              <value>
                <![CDATA[test@1]]>
              </value>
            </param>
            <param index="6">
              <value>
                <![CDATA[1234567897]]>
              </value>
            </param>
          </params>
          <reporter-output>
          </reporter-output>
        </test-method> <!-- testPostUser -->
        <test-method signature="testPostUser(java.lang.String,java.lang.String,java.lang.String,java.lang.String,java.lang.String,java.lang.String,java.lang.String)[pri:1, instance:api.test.DataDrivenTests@43ee72e6]" started-at="2024-05-30T22:06:03 IST" name="testPostUser" data-provider="Data" finished-at="2024-05-30T22:06:05 IST" duration-ms="1490" status="PASS">
          <params>
            <param index="0">
              <value>
                <![CDATA[1039]]>
              </value>
            </param>
            <param index="1">
              <value>
                <![CDATA[testuser3]]>
              </value>
            </param>
            <param index="2">
              <value>
                <![CDATA[Hgy]]>
              </value>
            </param>
            <param index="3">
              <value>
                <![CDATA[Ghy]]>
              </value>
            </param>
            <param index="4">
              <value>
                <![CDATA[duidiu@gmail.com]]>
              </value>
            </param>
            <param index="5">
              <value>
                <![CDATA[fgtyg@3]]>
              </value>
            </param>
            <param index="6">
              <value>
                <![CDATA[1235677999]]>
              </value>
            </param>
          </params>
          <reporter-output>
          </reporter-output>
        </test-method> <!-- testPostUser -->
        <test-method signature="testPostUser(java.lang.String,java.lang.String,java.lang.String,java.lang.String,java.lang.String,java.lang.String,java.lang.String)[pri:1, instance:api.test.DataDrivenTests@43ee72e6]" started-at="2024-05-30T22:06:05 IST" name="testPostUser" data-provider="Data" finished-at="2024-05-30T22:06:06 IST" duration-ms="1398" status="PASS">
          <params>
            <param index="0">
              <value>
                <![CDATA[1020]]>
              </value>
            </param>
            <param index="1">
              <value>
                <![CDATA[testuser2]]>
              </value>
            </param>
            <param index="2">
              <value>
                <![CDATA[Kim]]>
              </value>
            </param>
            <param index="3">
              <value>
                <![CDATA[Kom]]>
              </value>
            </param>
            <param index="4">
              <value>
                <![CDATA[b@gmail.com]]>
              </value>
            </param>
            <param index="5">
              <value>
                <![CDATA[test@2]]>
              </value>
            </param>
            <param index="6">
              <value>
                <![CDATA[1234567897]]>
              </value>
            </param>
          </params>
          <reporter-output>
          </reporter-output>
        </test-method> <!-- testPostUser -->
        <test-method signature="testdeleteUserByName(java.lang.String)[pri:2, instance:api.test.DataDrivenTests@43ee72e6]" started-at="2024-05-30T22:06:06 IST" name="testdeleteUserByName" data-provider="UserNames" finished-at="2024-05-30T22:06:08 IST" duration-ms="1381" status="PASS">
          <params>
            <param index="0">
              <value>
                <![CDATA[testuser1]]>
              </value>
            </param>
          </params>
          <reporter-output>
          </reporter-output>
        </test-method> <!-- testdeleteUserByName -->
        <test-method signature="testdeleteUserByName(java.lang.String)[pri:2, instance:api.test.DataDrivenTests@43ee72e6]" started-at="2024-05-30T22:06:08 IST" name="testdeleteUserByName" data-provider="UserNames" finished-at="2024-05-30T22:06:09 IST" duration-ms="1396" status="PASS">
          <params>
            <param index="0">
              <value>
                <![CDATA[testuser3]]>
              </value>
            </param>
          </params>
          <reporter-output>
          </reporter-output>
        </test-method> <!-- testdeleteUserByName -->
        <test-method signature="testdeleteUserByName(java.lang.String)[pri:2, instance:api.test.DataDrivenTests@43ee72e6]" started-at="2024-05-30T22:06:09 IST" name="testdeleteUserByName" data-provider="UserNames" finished-at="2024-05-30T22:06:10 IST" duration-ms="1443" status="PASS">
          <params>
            <param index="0">
              <value>
                <![CDATA[testuser2]]>
              </value>
            </param>
          </params>
          <reporter-output>
          </reporter-output>
        </test-method> <!-- testdeleteUserByName -->
      </class> <!-- api.test.DataDrivenTests -->
      <class name="api.test.UserTests">
        <test-method is-config="true" signature="setUp()[pri:0, instance:api.test.UserTests@d4342c2]" started-at="2024-05-30T22:06:10 IST" name="setUp" finished-at="2024-05-30T22:06:11 IST" duration-ms="504" status="PASS">
          <reporter-output>
          </reporter-output>
        </test-method> <!-- setUp -->
        <test-method signature="testPostUser()[pri:1, instance:api.test.UserTests@d4342c2]" started-at="2024-05-30T22:06:11 IST" name="testPostUser" finished-at="2024-05-30T22:06:12 IST" duration-ms="1621" status="PASS">
          <reporter-output>
          </reporter-output>
        </test-method> <!-- testPostUser -->
        <test-method signature="testGetUser()[pri:2, instance:api.test.UserTests@d4342c2]" started-at="2024-05-30T22:06:12 IST" name="testGetUser" finished-at="2024-05-30T22:06:14 IST" duration-ms="1488" status="PASS">
          <reporter-output>
          </reporter-output>
        </test-method> <!-- testGetUser -->
        <test-method signature="testUpdateUserByName()[pri:3, instance:api.test.UserTests@d4342c2]" started-at="2024-05-30T22:06:14 IST" name="testUpdateUserByName" finished-at="2024-05-30T22:06:17 IST" duration-ms="3053" status="PASS">
          <reporter-output>
          </reporter-output>
        </test-method> <!-- testUpdateUserByName -->
        <test-method signature="testdelUser()[pri:4, instance:api.test.UserTests@d4342c2]" started-at="2024-05-30T22:06:17 IST" name="testdelUser" finished-at="2024-05-30T22:06:18 IST" duration-ms="1443" status="PASS">
          <reporter-output>
          </reporter-output>
        </test-method> <!-- testdelUser -->
      </class> <!-- api.test.UserTests -->
    </test> <!-- Surefire test -->
  </suite> <!-- Surefire suite -->
</testng-results>
