<?xml version="1.0" encoding="UTF-8"?>
<testng-results ignored="0" total="10" passed="10" failed="0" skipped="0">
  <reporter-output>
  </reporter-output>
  <suite started-at="2024-05-30T20:02:23 IST" name="Surefire suite" finished-at="2024-05-30T20:03:00 IST" duration-ms="36421">
    <groups>
    </groups>
    <test started-at="2024-05-30T20:02:23 IST" name="Surefire test" finished-at="2024-05-30T20:03:00 IST" duration-ms="36421">
      <class name="api.test.DataDrivenTests">
        <test-method signature="testPostUser(java.lang.String,java.lang.String,java.lang.String,java.lang.String,java.lang.String,java.lang.String,java.lang.String)[pri:1, instance:api.test.DataDrivenTests@43ee72e6]" started-at="2024-05-30T20:02:34 IST" name="testPostUser" data-provider="Data" finished-at="2024-05-30T20:02:44 IST" duration-ms="10045" status="PASS">
          <params>
            <param index="0">
              <value>
                <![CDATA[1010]]>
              </value>
            </param>
            <param index="1">
              <value>
                <![CDATA[testuser1]]>
              </value>
            </param>
            <param index="2">
              <value>
                <![CDATA[John]]>
              </value>
            </param>
            <param index="3">
              <value>
                <![CDATA[Canedy]]>
              </value>
            </param>
            <param index="4">
              <value>
                <![CDATA[a@gmail.com]]>
              </value>
            </param>
            <param index="5">
              <value>
                <![CDATA[test@1]]>
              </value>
            </param>
            <param index="6">
              <value>
                <![CDATA[1234567897]]>
              </value>
            </param>
          </params>
          <reporter-output>
          </reporter-output>
        </test-method> <!-- testPostUser -->
        <test-method signature="testPostUser(java.lang.String,java.lang.String,java.lang.String,java.lang.String,java.lang.String,java.lang.String,java.lang.String)[pri:1, instance:api.test.DataDrivenTests@43ee72e6]" started-at="2024-05-30T20:02:44 IST" name="testPostUser" data-provider="Data" finished-at="2024-05-30T20:02:45 IST" duration-ms="1459" status="PASS">
          <params>
            <param index="0">
              <value>
                <![CDATA[1039]]>
              </value>
            </param>
            <param index="1">
              <value>
                <![CDATA[testuser3]]>
              </value>
            </param>
            <param index="2">
              <value>
                <![CDATA[Hgy]]>
              </value>
            </param>
            <param index="3">
              <value>
                <![CDATA[Ghy]]>
              </value>
            </param>
            <param index="4">
              <value>
                <![CDATA[duidiu@gmail.com]]>
              </value>
            </param>
            <param index="5">
              <value>
                <![CDATA[fgtyg@3]]>
              </value>
            </param>
            <param index="6">
              <value>
                <![CDATA[1235677999]]>
              </value>
            </param>
          </params>
          <reporter-output>
          </reporter-output>
        </test-method> <!-- testPostUser -->
        <test-method signature="testPostUser(java.lang.String,java.lang.String,java.lang.String,java.lang.String,java.lang.String,java.lang.String,java.lang.String)[pri:1, instance:api.test.DataDrivenTests@43ee72e6]" started-at="2024-05-30T20:02:45 IST" name="testPostUser" data-provider="Data" finished-at="2024-05-30T20:02:47 IST" duration-ms="1464" status="PASS">
          <params>
            <param index="0">
              <value>
                <![CDATA[1020]]>
              </value>
            </param>
            <param index="1">
              <value>
                <![CDATA[testuser2]]>
              </value>
            </param>
            <param index="2">
              <value>
                <![CDATA[Kim]]>
              </value>
            </param>
            <param index="3">
              <value>
                <![CDATA[Kom]]>
              </value>
            </param>
            <param index="4">
              <value>
                <![CDATA[b@gmail.com]]>
              </value>
            </param>
            <param index="5">
              <value>
                <![CDATA[test@2]]>
              </value>
            </param>
            <param index="6">
              <value>
                <![CDATA[1234567897]]>
              </value>
            </param>
          </params>
          <reporter-output>
          </reporter-output>
        </test-method> <!-- testPostUser -->
        <test-method signature="testdeleteUserByName(java.lang.String)[pri:2, instance:api.test.DataDrivenTests@43ee72e6]" started-at="2024-05-30T20:02:47 IST" name="testdeleteUserByName" data-provider="UserNames" finished-at="2024-05-30T20:02:49 IST" duration-ms="1715" status="PASS">
          <params>
            <param index="0">
              <value>
                <![CDATA[testuser1]]>
              </value>
            </param>
          </params>
          <reporter-output>
          </reporter-output>
        </test-method> <!-- testdeleteUserByName -->
        <test-method signature="testdeleteUserByName(java.lang.String)[pri:2, instance:api.test.DataDrivenTests@43ee72e6]" started-at="2024-05-30T20:02:49 IST" name="testdeleteUserByName" data-provider="UserNames" finished-at="2024-05-30T20:02:50 IST" duration-ms="1404" status="PASS">
          <params>
            <param index="0">
              <value>
                <![CDATA[testuser3]]>
              </value>
            </param>
          </params>
          <reporter-output>
          </reporter-output>
        </test-method> <!-- testdeleteUserByName -->
        <test-method signature="testdeleteUserByName(java.lang.String)[pri:2, instance:api.test.DataDrivenTests@43ee72e6]" started-at="2024-05-30T20:02:50 IST" name="testdeleteUserByName" data-provider="UserNames" finished-at="2024-05-30T20:02:52 IST" duration-ms="1419" status="PASS">
          <params>
            <param index="0">
              <value>
                <![CDATA[testuser2]]>
              </value>
            </param>
          </params>
          <reporter-output>
          </reporter-output>
        </test-method> <!-- testdeleteUserByName -->
      </class> <!-- api.test.DataDrivenTests -->
      <class name="api.test.UserTests">
        <test-method is-config="true" signature="setUp()[pri:0, instance:api.test.UserTests@d4342c2]" started-at="2024-05-30T20:02:52 IST" name="setUp" finished-at="2024-05-30T20:02:52 IST" duration-ms="846" status="PASS">
          <reporter-output>
          </reporter-output>
        </test-method> <!-- setUp -->
        <test-method signature="testPostUser()[pri:1, instance:api.test.UserTests@d4342c2]" started-at="2024-05-30T20:02:52 IST" name="testPostUser" finished-at="2024-05-30T20:02:54 IST" duration-ms="1639" status="PASS">
          <reporter-output>
          </reporter-output>
        </test-method> <!-- testPostUser -->
        <test-method signature="testGetUser()[pri:2, instance:api.test.UserTests@d4342c2]" started-at="2024-05-30T20:02:54 IST" name="testGetUser" finished-at="2024-05-30T20:02:55 IST" duration-ms="1368" status="PASS">
          <reporter-output>
          </reporter-output>
        </test-method> <!-- testGetUser -->
        <test-method signature="testUpdateUserByName()[pri:3, instance:api.test.UserTests@d4342c2]" started-at="2024-05-30T20:02:55 IST" name="testUpdateUserByName" finished-at="2024-05-30T20:02:58 IST" duration-ms="2973" status="PASS">
          <reporter-output>
          </reporter-output>
        </test-method> <!-- testUpdateUserByName -->
        <test-method signature="testdelUser()[pri:4, instance:api.test.UserTests@d4342c2]" started-at="2024-05-30T20:02:58 IST" name="testdelUser" finished-at="2024-05-30T20:03:00 IST" duration-ms="1389" status="PASS">
          <reporter-output>
          </reporter-output>
        </test-method> <!-- testdelUser -->
      </class> <!-- api.test.UserTests -->
    </test> <!-- Surefire test -->
  </suite> <!-- Surefire suite -->
</testng-results>
