<?xml version="1.0" encoding="UTF-8"?>
<testng-results ignored="0" total="4" passed="4" failed="0" skipped="0">
  <reporter-output>
  </reporter-output>
  <suite started-at="2024-05-30T18:49:49 IST" name="PetSuite" finished-at="2024-05-30T18:50:05 IST" duration-ms="16012">
    <groups>
    </groups>
    <test started-at="2024-05-30T18:49:49 IST" name="PetTests" finished-at="2024-05-30T18:50:05 IST" duration-ms="16012">
      <class name="api.test.UserTestsWithRoutes">
        <test-method is-config="true" signature="setUp()[pri:0, instance:api.test.UserTestsWithRoutes@799f10e1]" started-at="2024-05-30T18:49:50 IST" name="setUp" finished-at="2024-05-30T18:49:52 IST" duration-ms="2234" status="PASS">
          <reporter-output>
          </reporter-output>
        </test-method> <!-- setUp -->
        <test-method signature="testPostUser()[pri:1, instance:api.test.UserTestsWithRoutes@799f10e1]" started-at="2024-05-30T18:49:52 IST" name="testPostUser" finished-at="2024-05-30T18:49:59 IST" duration-ms="6982" status="PASS">
          <reporter-output>
          </reporter-output>
        </test-method> <!-- testPostUser -->
        <test-method signature="testGetUser()[pri:2, instance:api.test.UserTestsWithRoutes@799f10e1]" started-at="2024-05-30T18:49:59 IST" name="testGetUser" finished-at="2024-05-30T18:50:01 IST" duration-ms="1533" status="PASS">
          <reporter-output>
          </reporter-output>
        </test-method> <!-- testGetUser -->
        <test-method signature="testUpdateUserByName()[pri:3, instance:api.test.UserTestsWithRoutes@799f10e1]" started-at="2024-05-30T18:50:01 IST" name="testUpdateUserByName" finished-at="2024-05-30T18:50:04 IST" duration-ms="3017" status="PASS">
          <reporter-output>
          </reporter-output>
        </test-method> <!-- testUpdateUserByName -->
        <test-method signature="testdelUser()[pri:4, instance:api.test.UserTestsWithRoutes@799f10e1]" started-at="2024-05-30T18:50:04 IST" name="testdelUser" finished-at="2024-05-30T18:50:05 IST" duration-ms="1404" status="PASS">
          <reporter-output>
          </reporter-output>
        </test-method> <!-- testdelUser -->
      </class> <!-- api.test.UserTestsWithRoutes -->
    </test> <!-- PetTests -->
  </suite> <!-- PetSuite -->
</testng-results>
