<?xml version="1.0" encoding="UTF-8"?>
<!-- Generated by org.testng.reporters.JUnitXMLReporter -->
<testsuite ignored="0" hostname="DESKTOP-M46CBO6" failures="0" tests="4" name="PetTests" time="16.012" errors="0" timestamp="2024-05-30T18:50:06 IST">
  <testcase classname="api.test.UserTestsWithRoutes" name="testPostUser" time="6.982"/>
  <testcase classname="api.test.UserTestsWithRoutes" name="testGetUser" time="1.533"/>
  <testcase classname="api.test.UserTestsWithRoutes" name="testUpdateUserByName" time="3.017"/>
  <testcase classname="api.test.UserTestsWithRoutes" name="testdelUser" time="1.404"/>
</testsuite> <!-- PetTests -->
